<?xml version="1.0" encoding="UTF-8"?>
<!-- Generated by org.testng.reporters.JUnitXMLReporter -->
<testsuite ignored="0" hostname="NIBLP1245" failures="0" tests="24" name="Default test" time="114.128" errors="0" timestamp="2023-08-26T22:55:47 IST">
  <testcase classname="lumaTestCases.WomenJacketPurchases" name="@AfterMethod closeDriver" time="25.164">
    <failure type="org.openqa.selenium.WebDriverException" message="Timed out waiting for driver server to stop.
Build info: version: &amp;apos;4.11.0&amp;apos;, revision: &amp;apos;040bc5406b&amp;apos;
System info: os.name: &amp;apos;Windows 11&amp;apos;, os.arch: &amp;apos;amd64&amp;apos;, os.version: &amp;apos;10.0&amp;apos;, java.version: &amp;apos;19.0.2&amp;apos;
Driver info: org.openqa.selenium.chrome.ChromeDriver
Command: [f1a56facc8a045ad8b3b609bbad40979, quit {}]
Capabilities {acceptInsecureCerts: false, browserName: chrome, browserVersion: 116.0.5845.111, chrome: {chromedriverVersion: 116.0.5845.96 (1a3918166880..., userDataDir: C:\Users\CHANDR~1\AppData\L...}, fedcm:accounts: true, goog:chromeOptions: {debuggerAddress: localhost:62969}, networkConnectionEnabled: false, pageLoadStrategy: normal, platformName: windows, proxy: Proxy(), se:cdp: ws://localhost:62969/devtoo..., se:cdpVersion: 116.0.5845.111, setWindowRect: true, strictFileInteractability: false, timeouts: {implicit: 0, pageLoad: 300000, script: 30000}, unhandledPromptBehavior: dismiss and notify, webauthn:extension:credBlob: true, webauthn:extension:largeBlob: true, webauthn:extension:minPinLength: true, webauthn:extension:prf: true, webauthn:virtualAuthenticators: true}
Session ID: f1a56facc8a045ad8b3b609bbad40979">
      <![CDATA[org.openqa.selenium.WebDriverException: Timed out waiting for driver server to stop.
Build info: version: '4.11.0', revision: '040bc5406b'
System info: os.name: 'Windows 11', os.arch: 'amd64', os.version: '10.0', java.version: '19.0.2'
Driver info: org.openqa.selenium.chrome.ChromeDriver
Command: [f1a56facc8a045ad8b3b609bbad40979, quit {}]
Capabilities {acceptInsecureCerts: false, browserName: chrome, browserVersion: 116.0.5845.111, chrome: {chromedriverVersion: 116.0.5845.96 (1a3918166880..., userDataDir: C:\Users\CHANDR~1\AppData\L...}, fedcm:accounts: true, goog:chromeOptions: {debuggerAddress: localhost:62969}, networkConnectionEnabled: false, pageLoadStrategy: normal, platformName: windows, proxy: Proxy(), se:cdp: ws://localhost:62969/devtoo..., se:cdpVersion: 116.0.5845.111, setWindowRect: true, strictFileInteractability: false, timeouts: {implicit: 0, pageLoad: 300000, script: 30000}, unhandledPromptBehavior: dismiss and notify, webauthn:extension:credBlob: true, webauthn:extension:largeBlob: true, webauthn:extension:minPinLength: true, webauthn:extension:prf: true, webauthn:virtualAuthenticators: true}
Session ID: f1a56facc8a045ad8b3b609bbad40979
at org.openqa.selenium.remote.service.DriverCommandExecutor.execute(DriverCommandExecutor.java:161)
at org.openqa.selenium.remote.RemoteWebDriver.execute(RemoteWebDriver.java:518)
at org.openqa.selenium.remote.RemoteWebDriver.execute(RemoteWebDriver.java:591)
at org.openqa.selenium.remote.RemoteWebDriver.execute(RemoteWebDriver.java:595)
at org.openqa.selenium.remote.RemoteWebDriver.quit(RemoteWebDriver.java:433)
at org.openqa.selenium.chromium.ChromiumDriver.quit(ChromiumDriver.java:351)
at lumaTestCases.WomenJacketPurchases.closeDriver(WomenJacketPurchases.java:31)
at java.base/jdk.internal.reflect.DirectMethodHandleAccessor.invoke(DirectMethodHandleAccessor.java:104)
at java.base/java.lang.reflect.Method.invoke(Method.java:578)
at org.testng.internal.invokers.MethodInvocationHelper.invokeMethod(MethodInvocationHelper.java:139)
at org.testng.internal.invokers.MethodInvocationHelper.invokeMethodConsideringTimeout(MethodInvocationHelper.java:69)
at org.testng.internal.invokers.ConfigInvoker.invokeConfigurationMethod(ConfigInvoker.java:390)
at org.testng.internal.invokers.ConfigInvoker.invokeConfigurations(ConfigInvoker.java:325)
at org.testng.internal.invokers.TestInvoker.runConfigMethods(TestInvoker.java:810)
at org.testng.internal.invokers.TestInvoker.runAfterConfigurations(TestInvoker.java:779)
at org.testng.internal.invokers.TestInvoker.invokeMethod(TestInvoker.java:755)
at org.testng.internal.invokers.TestInvoker.invokeTestMethod(TestInvoker.java:227)
at org.testng.internal.invokers.MethodRunner.runInSequence(MethodRunner.java:50)
at org.testng.internal.invokers.TestInvoker$MethodInvocationAgent.invoke(TestInvoker.java:957)
at org.testng.internal.invokers.TestInvoker.invokeTestMethods(TestInvoker.java:200)
at org.testng.internal.invokers.TestMethodWorker.invokeTestMethods(TestMethodWorker.java:148)
at org.testng.internal.invokers.TestMethodWorker.run(TestMethodWorker.java:128)
at java.base/java.util.ArrayList.forEach(ArrayList.java:1511)
at org.testng.TestRunner.privateRun(TestRunner.java:848)
at org.testng.TestRunner.run(TestRunner.java:621)
at org.testng.SuiteRunner.runTest(SuiteRunner.java:443)
at org.testng.SuiteRunner.runSequentially(SuiteRunner.java:437)
at org.testng.SuiteRunner.privateRun(SuiteRunner.java:397)
at org.testng.SuiteRunner.run(SuiteRunner.java:336)
at org.testng.SuiteRunnerWorker.runSuite(SuiteRunnerWorker.java:52)
at org.testng.SuiteRunnerWorker.run(SuiteRunnerWorker.java:95)
at org.testng.TestNG.runSuitesSequentially(TestNG.java:1280)
at org.testng.TestNG.runSuitesLocally(TestNG.java:1200)
at org.testng.TestNG.runSuites(TestNG.java:1114)
at org.testng.TestNG.run(TestNG.java:1082)
at org.testng.remote.AbstractRemoteTestNG.run(AbstractRemoteTestNG.java:115)
at org.testng.remote.RemoteTestNG.initAndRun(RemoteTestNG.java:251)
at org.testng.remote.RemoteTestNG.main(RemoteTestNG.java:77)
Caused by: java.util.concurrent.ExecutionException: org.openqa.selenium.TimeoutException: Process timed out after waiting for 20000 ms.
Build info: version: '4.11.0', revision: '040bc5406b'
System info: os.name: 'Windows 11', os.arch: 'amd64', os.version: '10.0', java.version: '19.0.2'
Driver info: driver.version: unknown
at java.base/java.util.concurrent.CompletableFuture.reportGet(CompletableFuture.java:396)
at java.base/java.util.concurrent.CompletableFuture.get(CompletableFuture.java:2096)
at org.openqa.selenium.remote.service.DriverCommandExecutor.execute(DriverCommandExecutor.java:157)
... 37 more
Caused by: org.openqa.selenium.TimeoutException: Process timed out after waiting for 20000 ms.
Build info: version: '4.11.0', revision: '040bc5406b'
System info: os.name: 'Windows 11', os.arch: 'amd64', os.version: '10.0', java.version: '19.0.2'
Driver info: driver.version: unknown
at org.openqa.selenium.os.OsProcess.waitFor(OsProcess.java:183)
at org.openqa.selenium.os.CommandLine.waitFor(CommandLine.java:117)
at org.openqa.selenium.remote.service.DriverCommandExecutor.lambda$execute$2(DriverCommandExecutor.java:148)
at java.base/java.util.concurrent.CompletableFuture$AsyncSupply.run(CompletableFuture.java:1768)
at java.base/java.util.concurrent.ThreadPoolExecutor.runWorker(ThreadPoolExecutor.java:1144)
at java.base/java.util.concurrent.ThreadPoolExecutor$Worker.run(ThreadPoolExecutor.java:642)
at java.base/java.lang.Thread.run(Thread.java:1589)
]]>
    </failure>
  </testcase> <!-- @AfterMethod closeDriver -->
  <testcase classname="lumaTestCases.WomenJacketPurchases" name="@BeforeMethod launchTheURL" time="0.0">
    <skipped/>
  </testcase> <!-- @BeforeMethod launchTheURL -->
  <testcase classname="lumaTestCases.WomenJacketPurchases" name="@AfterMethod closeDriver" time="0.0">
    <skipped/>
  </testcase> <!-- @AfterMethod closeDriver -->
  <testcase classname="lumaTestCases.WomenJacketPurchases" name="@BeforeMethod launchTheURL" time="0.0">
    <skipped/>
  </testcase> <!-- @BeforeMethod launchTheURL -->
  <testcase classname="lumaTestCases.WomenJacketPurchases" name="@AfterMethod closeDriver" time="0.0">
    <skipped/>
  </testcase> <!-- @AfterMethod closeDriver -->
  <testcase classname="lumaTestCases.WomenJacketPurchases" name="@BeforeMethod launchTheURL" time="0.0">
    <skipped/>
  </testcase> <!-- @BeforeMethod launchTheURL -->
  <testcase classname="lumaTestCases.WomenJacketPurchases" name="@AfterMethod closeDriver" time="0.0">
    <skipped/>
  </testcase> <!-- @AfterMethod closeDriver -->
  <testcase classname="lumaTestCases.WomenJacketPurchases" name="@BeforeMethod launchTheURL" time="0.0">
    <skipped/>
  </testcase> <!-- @BeforeMethod launchTheURL -->
  <testcase classname="lumaTestCases.WomenJacketPurchases" name="@AfterMethod closeDriver" time="0.0">
    <skipped/>
  </testcase> <!-- @AfterMethod closeDriver -->
  <testcase classname="lumaTestCases.WomenJacketPurchases" name="@BeforeMethod launchTheURL" time="0.0">
    <skipped/>
  </testcase> <!-- @BeforeMethod launchTheURL -->
  <testcase classname="lumaTestCases.WomenJacketPurchases" name="@AfterMethod closeDriver" time="0.0">
    <skipped/>
  </testcase> <!-- @AfterMethod closeDriver -->
  <testcase classname="lumaTestCases.WomenJacketPurchases" name="@BeforeMethod launchTheURL" time="0.0">
    <skipped/>
  </testcase> <!-- @BeforeMethod launchTheURL -->
  <testcase classname="lumaTestCases.WomenJacketPurchases" name="@AfterMethod closeDriver" time="0.0">
    <skipped/>
  </testcase> <!-- @AfterMethod closeDriver -->
  <testcase classname="lumaTestCases.WomenJacketPurchases" name="@BeforeMethod launchTheURL" time="0.0">
    <skipped/>
  </testcase> <!-- @BeforeMethod launchTheURL -->
  <testcase classname="lumaTestCases.WomenJacketPurchases" name="@AfterMethod closeDriver" time="0.0">
    <skipped/>
  </testcase> <!-- @AfterMethod closeDriver -->
  <testcase classname="lumaTestCases.WomenJacketPurchases" name="@BeforeMethod launchTheURL" time="0.0">
    <skipped/>
  </testcase> <!-- @BeforeMethod launchTheURL -->
  <testcase classname="lumaTestCases.WomenJacketPurchases" name="@AfterMethod closeDriver" time="0.0">
    <skipped/>
  </testcase> <!-- @AfterMethod closeDriver -->
  <testcase classname="lumaTestCases.WomenJacketPurchases" name="@BeforeMethod launchTheURL" time="0.0">
    <skipped/>
  </testcase> <!-- @BeforeMethod launchTheURL -->
  <testcase classname="lumaTestCases.WomenJacketPurchases" name="@AfterMethod closeDriver" time="0.0">
    <skipped/>
  </testcase> <!-- @AfterMethod closeDriver -->
  <testcase classname="lumaTestCases.WomenJacketPurchases" name="@BeforeMethod launchTheURL" time="0.0">
    <skipped/>
  </testcase> <!-- @BeforeMethod launchTheURL -->
  <testcase classname="lumaTestCases.WomenJacketPurchases" name="@AfterMethod closeDriver" time="0.0">
    <skipped/>
  </testcase> <!-- @AfterMethod closeDriver -->
  <testcase classname="lumaTestCases.WomenJacketPurchases" name="@BeforeMethod launchTheURL" time="0.0">
    <skipped/>
  </testcase> <!-- @BeforeMethod launchTheURL -->
  <testcase classname="lumaTestCases.WomenJacketPurchases" name="@AfterMethod closeDriver" time="0.0">
    <skipped/>
  </testcase> <!-- @AfterMethod closeDriver -->
  <testcase classname="lumaTestCases.WomenJacketPurchases" name="@BeforeMethod launchTheURL" time="0.0">
    <skipped/>
  </testcase> <!-- @BeforeMethod launchTheURL -->
  <testcase classname="lumaTestCases.WomenJacketPurchases" name="@AfterMethod closeDriver" time="0.0">
    <skipped/>
  </testcase> <!-- @AfterMethod closeDriver -->
  <testcase classname="lumaTestCases.WomenJacketPurchases" name="@BeforeMethod launchTheURL" time="0.0">
    <skipped/>
  </testcase> <!-- @BeforeMethod launchTheURL -->
  <testcase classname="lumaTestCases.WomenJacketPurchases" name="@AfterMethod closeDriver" time="0.0">
    <skipped/>
  </testcase> <!-- @AfterMethod closeDriver -->
  <testcase classname="lumaTestCases.WomenJacketPurchases" name="@BeforeMethod launchTheURL" time="0.0">
    <skipped/>
  </testcase> <!-- @BeforeMethod launchTheURL -->
  <testcase classname="lumaTestCases.WomenJacketPurchases" name="@AfterMethod closeDriver" time="0.0">
    <skipped/>
  </testcase> <!-- @AfterMethod closeDriver -->
  <testcase classname="lumaTestCases.WomenJacketPurchases" name="@BeforeMethod launchTheURL" time="0.0">
    <skipped/>
  </testcase> <!-- @BeforeMethod launchTheURL -->
  <testcase classname="lumaTestCases.WomenJacketPurchases" name="@AfterMethod closeDriver" time="0.0">
    <skipped/>
  </testcase> <!-- @AfterMethod closeDriver -->
  <testcase classname="lumaTestCases.WomenJacketPurchases" name="@BeforeMethod launchTheURL" time="0.0">
    <skipped/>
  </testcase> <!-- @BeforeMethod launchTheURL -->
  <testcase classname="lumaTestCases.WomenJacketPurchases" name="@AfterMethod closeDriver" time="0.0">
    <skipped/>
  </testcase> <!-- @AfterMethod closeDriver -->
  <testcase classname="lumaTestCases.WomenJacketPurchases" name="@BeforeMethod launchTheURL" time="0.0">
    <skipped/>
  </testcase> <!-- @BeforeMethod launchTheURL -->
  <testcase classname="lumaTestCases.WomenJacketPurchases" name="@AfterMethod closeDriver" time="0.0">
    <skipped/>
  </testcase> <!-- @AfterMethod closeDriver -->
  <testcase classname="lumaTestCases.WomenJacketPurchases" name="@BeforeMethod launchTheURL" time="0.0">
    <skipped/>
  </testcase> <!-- @BeforeMethod launchTheURL -->
  <testcase classname="lumaTestCases.WomenJacketPurchases" name="@AfterMethod closeDriver" time="0.0">
    <skipped/>
  </testcase> <!-- @AfterMethod closeDriver -->
  <testcase classname="lumaTestCases.WomenJacketPurchases" name="@BeforeMethod launchTheURL" time="0.0">
    <skipped/>
  </testcase> <!-- @BeforeMethod launchTheURL -->
  <testcase classname="lumaTestCases.WomenJacketPurchases" name="@AfterMethod closeDriver" time="0.0">
    <skipped/>
  </testcase> <!-- @AfterMethod closeDriver -->
  <testcase classname="lumaTestCases.WomenJacketPurchases" name="@BeforeMethod launchTheURL" time="0.0">
    <skipped/>
  </testcase> <!-- @BeforeMethod launchTheURL -->
  <testcase classname="lumaTestCases.WomenJacketPurchases" name="@AfterMethod closeDriver" time="0.0">
    <skipped/>
  </testcase> <!-- @AfterMethod closeDriver -->
  <testcase classname="lumaTestCases.WomenJacketPurchases" name="@BeforeMethod launchTheURL" time="0.0">
    <skipped/>
  </testcase> <!-- @BeforeMethod launchTheURL -->
  <testcase classname="lumaTestCases.WomenJacketPurchases" name="@AfterMethod closeDriver" time="0.0">
    <skipped/>
  </testcase> <!-- @AfterMethod closeDriver -->
  <testcase classname="lumaTestCases.WomenJacketPurchases" name="@BeforeMethod launchTheURL" time="0.0">
    <skipped/>
  </testcase> <!-- @BeforeMethod launchTheURL -->
  <testcase classname="lumaTestCases.WomenJacketPurchases" name="@AfterMethod closeDriver" time="0.0">
    <skipped/>
  </testcase> <!-- @AfterMethod closeDriver -->
  <testcase classname="lumaTestCases.WomenJacketPurchases" name="@BeforeMethod launchTheURL" time="0.0">
    <skipped/>
  </testcase> <!-- @BeforeMethod launchTheURL -->
  <testcase classname="lumaTestCases.WomenJacketPurchases" name="@AfterMethod closeDriver" time="0.0">
    <skipped/>
  </testcase> <!-- @AfterMethod closeDriver -->
  <testcase classname="lumaTestCases.WomenJacketPurchases" name="purchaseWomensOliviaBlueJacket" time="75.11"/>
  <testcase classname="lumaTestCases.WomenJacketPurchases" name="purchaseWomensOliviaBlackJacket" time="0.0">
    <skipped/>
  </testcase> <!-- purchaseWomensOliviaBlackJacket -->
  <testcase classname="lumaTestCases.WomenJacketPurchases" name="purchaseWomensJunoBlueJacket" time="0.0">
    <skipped/>
  </testcase> <!-- purchaseWomensJunoBlueJacket -->
  <testcase classname="lumaTestCases.WomenJacketPurchases" name="purchaseWomensJunoGreenJacket" time="0.0">
    <skipped/>
  </testcase> <!-- purchaseWomensJunoGreenJacket -->
  <testcase classname="lumaTestCases.WomenJacketPurchases" name="purchaseWomensDanceOrangeJacket" time="0.0">
    <skipped/>
  </testcase> <!-- purchaseWomensDanceOrangeJacket -->
  <testcase classname="lumaTestCases.WomenJacketPurchases" name="purchaseWomensDanceBlueJacket" time="0.0">
    <skipped/>
  </testcase> <!-- purchaseWomensDanceBlueJacket -->
  <testcase classname="lumaTestCases.WomenJacketPurchases" name="purchaseWomensNadiaShellBlackJacket" time="0.0">
    <skipped/>
  </testcase> <!-- purchaseWomensNadiaShellBlackJacket -->
  <testcase classname="lumaTestCases.WomenJacketPurchases" name="purchaseWomensNadiaShellOrangeJacket" time="0.0">
    <skipped/>
  </testcase> <!-- purchaseWomensNadiaShellOrangeJacket -->
  <testcase classname="lumaTestCases.WomenJacketPurchases" name="purchaseWomensJadeBlueJacket" time="0.0">
    <skipped/>
  </testcase> <!-- purchaseWomensJadeBlueJacket -->
  <testcase classname="lumaTestCases.WomenJacketPurchases" name="purchaseWomensJadeGrayJacket" time="0.0">
    <skipped/>
  </testcase> <!-- purchaseWomensJadeGrayJacket -->
  <testcase classname="lumaTestCases.WomenJacketPurchases" name="purchaseWomensAdrienneOrangeJacket" time="0.0">
    <skipped/>
  </testcase> <!-- purchaseWomensAdrienneOrangeJacket -->
  <testcase classname="lumaTestCases.WomenJacketPurchases" name="purchaseWomensAdrienneGreenJacket" time="0.0">
    <skipped/>
  </testcase> <!-- purchaseWomensAdrienneGreenJacket -->
  <testcase classname="lumaTestCases.WomenJacketPurchases" name="purchaseWomensInezOrangeJacket" time="0.0">
    <skipped/>
  </testcase> <!-- purchaseWomensInezOrangeJacket -->
  <testcase classname="lumaTestCases.WomenJacketPurchases" name="purchaseWomensInezRedJacket" time="0.0">
    <skipped/>
  </testcase> <!-- purchaseWomensInezRedJacket -->
  <testcase classname="lumaTestCases.WomenJacketPurchases" name="purchaseWomensIngridWhiteJacket" time="0.001">
    <skipped/>
  </testcase> <!-- purchaseWomensIngridWhiteJacket -->
  <testcase classname="lumaTestCases.WomenJacketPurchases" name="purchaseWomensIngridOrangeJacket" time="0.0">
    <skipped/>
  </testcase> <!-- purchaseWomensIngridOrangeJacket -->
  <testcase classname="lumaTestCases.WomenJacketPurchases" name="purchaseWomensRionaBrownJacket" time="0.0">
    <skipped/>
  </testcase> <!-- purchaseWomensRionaBrownJacket -->
  <testcase classname="lumaTestCases.WomenJacketPurchases" name="purchaseWomensRionaRedJacket" time="0.0">
    <skipped/>
  </testcase> <!-- purchaseWomensRionaRedJacket -->
  <testcase classname="lumaTestCases.WomenJacketPurchases" name="purchaseWomensAugustaBlueJacket" time="0.0">
    <skipped/>
  </testcase> <!-- purchaseWomensAugustaBlueJacket -->
  <testcase classname="lumaTestCases.WomenJacketPurchases" name="purchaseWomensAugustaRedJacket" time="0.0">
    <skipped/>
  </testcase> <!-- purchaseWomensAugustaRedJacket -->
  <testcase classname="lumaTestCases.WomenJacketPurchases" name="purchaseWomensJosieBlackJacket" time="0.001">
    <skipped/>
  </testcase> <!-- purchaseWomensJosieBlackJacket -->
  <testcase classname="lumaTestCases.WomenJacketPurchases" name="purchaseWomensJosieGrayJacket" time="0.0">
    <skipped/>
  </testcase> <!-- purchaseWomensJosieGrayJacket -->
  <testcase classname="lumaTestCases.WomenJacketPurchases" name="purchaseWomensStellarYellowJacket" time="0.001">
    <skipped/>
  </testcase> <!-- purchaseWomensStellarYellowJacket -->
  <testcase classname="lumaTestCases.WomenJacketPurchases" name="purchaseWomensJosieRedJacket" time="0.0">
    <skipped/>
  </testcase> <!-- purchaseWomensJosieRedJacket -->
</testsuite> <!-- Default test -->
