<?xml version="1.0" encoding="UTF-8"?>
<!-- Generated by org.testng.reporters.JUnitXMLReporter -->
<testsuite ignored="0" hostname="NIBLP1245" failures="2" tests="24" name="Test" time="249.233" errors="0" timestamp="2023-08-08T23:27:51 IST">
  <testcase classname="lumaTestCases.Registration" name="Register002_createAccountwithoutdata" time="3.571">
    <failure type="org.openqa.selenium.NoSuchElementException" message="no such element: Unable to locate element: {&amp;quot;method&amp;quot;:&amp;quot;xpath&amp;quot;,&amp;quot;selector&amp;quot;:&amp;quot;firstname-error&amp;quot;}
  (Session info: chrome=115.0.5790.170)
For documentation on this error, please visit: https://www.selenium.dev/documentation/webdriver/troubleshooting/errors#no-such-element-exception
Build info: version: &amp;apos;4.10.0&amp;apos;, revision: &amp;apos;c14d967899&amp;apos;
System info: os.name: &amp;apos;Windows 11&amp;apos;, os.arch: &amp;apos;amd64&amp;apos;, os.version: &amp;apos;10.0&amp;apos;, java.version: &amp;apos;19.0.2&amp;apos;
Driver info: org.openqa.selenium.chrome.ChromeDriver
Command: [2e239bd53d6dd705f5fe85e61fc18073, findElement {using=xpath, value=firstname-error}]
Capabilities {acceptInsecureCerts: false, browserName: chrome, browserVersion: 115.0.5790.170, chrome: {chromedriverVersion: 114.0.5735.90 (386bc09e8f4f..., userDataDir: C:\Users\CHANDR~1\AppData\L...}, goog:chromeOptions: {debuggerAddress: localhost:54787}, networkConnectionEnabled: false, pageLoadStrategy: normal, platformName: windows, proxy: Proxy(), se:cdp: ws://localhost:54787/devtoo..., se:cdpVersion: 115.0.5790.170, setWindowRect: true, strictFileInteractability: false, timeouts: {implicit: 0, pageLoad: 300000, script: 30000}, unhandledPromptBehavior: dismiss and notify, webauthn:extension:credBlob: true, webauthn:extension:largeBlob: true, webauthn:extension:minPinLength: true, webauthn:extension:prf: true, webauthn:virtualAuthenticators: true}
Session ID: 2e239bd53d6dd705f5fe85e61fc18073">
      <![CDATA[org.openqa.selenium.NoSuchElementException: no such element: Unable to locate element: {"method":"xpath","selector":"firstname-error"}
  (Session info: chrome=115.0.5790.170)
For documentation on this error, please visit: https://www.selenium.dev/documentation/webdriver/troubleshooting/errors#no-such-element-exception
Build info: version: '4.10.0', revision: 'c14d967899'
System info: os.name: 'Windows 11', os.arch: 'amd64', os.version: '10.0', java.version: '19.0.2'
Driver info: org.openqa.selenium.chrome.ChromeDriver
Command: [2e239bd53d6dd705f5fe85e61fc18073, findElement {using=xpath, value=firstname-error}]
Capabilities {acceptInsecureCerts: false, browserName: chrome, browserVersion: 115.0.5790.170, chrome: {chromedriverVersion: 114.0.5735.90 (386bc09e8f4f..., userDataDir: C:\Users\CHANDR~1\AppData\L...}, goog:chromeOptions: {debuggerAddress: localhost:54787}, networkConnectionEnabled: false, pageLoadStrategy: normal, platformName: windows, proxy: Proxy(), se:cdp: ws://localhost:54787/devtoo..., se:cdpVersion: 115.0.5790.170, setWindowRect: true, strictFileInteractability: false, timeouts: {implicit: 0, pageLoad: 300000, script: 30000}, unhandledPromptBehavior: dismiss and notify, webauthn:extension:credBlob: true, webauthn:extension:largeBlob: true, webauthn:extension:minPinLength: true, webauthn:extension:prf: true, webauthn:virtualAuthenticators: true}
Session ID: 2e239bd53d6dd705f5fe85e61fc18073
at org.openqa.selenium.remote.codec.w3c.W3CHttpResponseCodec.createException(W3CHttpResponseCodec.java:199)
at org.openqa.selenium.remote.codec.w3c.W3CHttpResponseCodec.decode(W3CHttpResponseCodec.java:132)
at org.openqa.selenium.remote.codec.w3c.W3CHttpResponseCodec.decode(W3CHttpResponseCodec.java:51)
at org.openqa.selenium.remote.HttpCommandExecutor.execute(HttpCommandExecutor.java:191)
at org.openqa.selenium.remote.service.DriverCommandExecutor.invokeExecute(DriverCommandExecutor.java:196)
at org.openqa.selenium.remote.service.DriverCommandExecutor.execute(DriverCommandExecutor.java:171)
at org.openqa.selenium.remote.RemoteWebDriver.execute(RemoteWebDriver.java:531)
at org.openqa.selenium.remote.ElementLocation$ElementFinder$2.findElement(ElementLocation.java:165)
at org.openqa.selenium.remote.ElementLocation.findElement(ElementLocation.java:59)
at org.openqa.selenium.remote.RemoteWebDriver.findElement(RemoteWebDriver.java:350)
at org.openqa.selenium.remote.RemoteWebDriver.findElement(RemoteWebDriver.java:344)
at com.LumaMagento.Base.TestMethods.elementIsDisplayed(TestMethods.java:64)
at lumaTestCases.Registration.Register002_createAccountwithoutdata(Registration.java:63)
at java.base/java.util.ArrayList.forEach(ArrayList.java:1511)
... Removed 28 stack frames]]>
    </failure>
  </testcase> <!-- Register002_createAccountwithoutdata -->
  <testcase classname="lumaTestCases.Registration" name="Register003_registerExistingUser" time="6.967"/>
  <testcase classname="lumaTestCases.Registration" name="Register005_validateStrongPassword" time="1.554"/>
  <testcase classname="lumaTestCases.Registration" name="Register006_validateWeakPasswordAndRegister" time="1.765"/>
  <testcase classname="lumaTestCases.Registration" name="Register007_validatePasswordCritera" time="1.953"/>
  <testcase classname="lumaTestCases.Registration" name="Register008_confirmPasswordDoesNotMatchPassword" time="1.917"/>
  <testcase classname="lumaTestCases.Registration" name="Regsiter001_registerUser" time="7.445"/>
  <testcase classname="lumaTestCases.Login" name="Login001_LoginWithValidCredentials" time="9.604"/>
  <testcase classname="lumaTestCases.Login" name="Login002_LoginWithInvalidCredentials" time="6.27"/>
  <testcase classname="lumaTestCases.Login" name="Login003_valiDEmail_InvalidPass" time="6.247"/>
  <testcase classname="lumaTestCases.Login" name="Login004_invaliDEmail_validPassword" time="4.972"/>
  <testcase classname="lumaTestCases.Login" name="Login005_loginWithoutEmailAndPAssword" time="1.982"/>
  <testcase classname="lumaTestCases.Login" name="Login006_loginWithOnlyEmail" time="1.834"/>
  <testcase classname="lumaTestCases.Login" name="Login007_loginWithOnlyPassword" time="2.012"/>
  <testcase classname="lumaTestCases.SearchProduct" name="Search001_SearchByProduct" time="3.727"/>
  <testcase classname="lumaTestCases.SearchProduct" name="Search002_InvalidSearchProduct" time="4.353"/>
  <testcase classname="lumaTestCases.Category" name="Category001_NavigateToWomenCategory" time="5.659"/>
  <testcase classname="lumaTestCases.Category" name="Category002_verifyWomenTopsCategoryAvailability" time="0.502"/>
  <testcase classname="lumaTestCases.Category" name="Category003_verifyWomenBottomsCategoryAvailability" time="0.414"/>
  <testcase classname="lumaTestCases.Category" name="Category004_verifyMenTopsCategoryAvailability" time="0.479"/>
  <testcase classname="lumaTestCases.Category" name="Category005_verifyMenBottomsCategoryAvailability" time="0.416"/>
  <testcase classname="lumaTestCases.Category" name="Category006_verifyGearCategoryAvailability" time="0.253"/>
  <testcase classname="lumaTestCases.Category" name="Category007_verifyTrainingAvailability" time="0.19"/>
  <testcase classname="lumaTestCases.Purchases" name="purchaseWomensJacket" time="8.386">
    <failure type="org.openqa.selenium.ElementNotInteractableException" message="element not interactable
  (Session info: chrome=115.0.5790.170)
Build info: version: &amp;apos;4.10.0&amp;apos;, revision: &amp;apos;c14d967899&amp;apos;
System info: os.name: &amp;apos;Windows 11&amp;apos;, os.arch: &amp;apos;amd64&amp;apos;, os.version: &amp;apos;10.0&amp;apos;, java.version: &amp;apos;19.0.2&amp;apos;
Driver info: org.openqa.selenium.chrome.ChromeDriver
Command: [50cd10d58f2c2e2795031a4bea7abfc8, clickElement {id=7C0B9ED6A2D47832AABDD64EEC62A53D_element_71}]
Capabilities {acceptInsecureCerts: false, browserName: chrome, browserVersion: 115.0.5790.170, chrome: {chromedriverVersion: 114.0.5735.90 (386bc09e8f4f..., userDataDir: C:\Users\CHANDR~1\AppData\L...}, goog:chromeOptions: {debuggerAddress: localhost:55673}, networkConnectionEnabled: false, pageLoadStrategy: normal, platformName: windows, proxy: Proxy(), se:cdp: ws://localhost:55673/devtoo..., se:cdpVersion: 115.0.5790.170, setWindowRect: true, strictFileInteractability: false, timeouts: {implicit: 0, pageLoad: 300000, script: 30000}, unhandledPromptBehavior: dismiss and notify, webauthn:extension:credBlob: true, webauthn:extension:largeBlob: true, webauthn:extension:minPinLength: true, webauthn:extension:prf: true, webauthn:virtualAuthenticators: true}
Element: [[ChromeDriver: chrome on windows (50cd10d58f2c2e2795031a4bea7abfc8)] -&amp;gt; xpath: (//a[@class=&amp;apos;ui-corner-all&amp;apos;]/span[text()=&amp;apos;Jackets&amp;apos;])[1]]
Session ID: 50cd10d58f2c2e2795031a4bea7abfc8">
      <![CDATA[org.openqa.selenium.ElementNotInteractableException: element not interactable
  (Session info: chrome=115.0.5790.170)
Build info: version: '4.10.0', revision: 'c14d967899'
System info: os.name: 'Windows 11', os.arch: 'amd64', os.version: '10.0', java.version: '19.0.2'
Driver info: org.openqa.selenium.chrome.ChromeDriver
Command: [50cd10d58f2c2e2795031a4bea7abfc8, clickElement {id=7C0B9ED6A2D47832AABDD64EEC62A53D_element_71}]
Capabilities {acceptInsecureCerts: false, browserName: chrome, browserVersion: 115.0.5790.170, chrome: {chromedriverVersion: 114.0.5735.90 (386bc09e8f4f..., userDataDir: C:\Users\CHANDR~1\AppData\L...}, goog:chromeOptions: {debuggerAddress: localhost:55673}, networkConnectionEnabled: false, pageLoadStrategy: normal, platformName: windows, proxy: Proxy(), se:cdp: ws://localhost:55673/devtoo..., se:cdpVersion: 115.0.5790.170, setWindowRect: true, strictFileInteractability: false, timeouts: {implicit: 0, pageLoad: 300000, script: 30000}, unhandledPromptBehavior: dismiss and notify, webauthn:extension:credBlob: true, webauthn:extension:largeBlob: true, webauthn:extension:minPinLength: true, webauthn:extension:prf: true, webauthn:virtualAuthenticators: true}
Element: [[ChromeDriver: chrome on windows (50cd10d58f2c2e2795031a4bea7abfc8)] -> xpath: (//a[@class='ui-corner-all']/span[text()='Jackets'])[1]]
Session ID: 50cd10d58f2c2e2795031a4bea7abfc8
at org.openqa.selenium.remote.codec.w3c.W3CHttpResponseCodec.createException(W3CHttpResponseCodec.java:199)
at org.openqa.selenium.remote.codec.w3c.W3CHttpResponseCodec.decode(W3CHttpResponseCodec.java:132)
at org.openqa.selenium.remote.codec.w3c.W3CHttpResponseCodec.decode(W3CHttpResponseCodec.java:51)
at org.openqa.selenium.remote.HttpCommandExecutor.execute(HttpCommandExecutor.java:191)
at org.openqa.selenium.remote.service.DriverCommandExecutor.invokeExecute(DriverCommandExecutor.java:196)
at org.openqa.selenium.remote.service.DriverCommandExecutor.execute(DriverCommandExecutor.java:171)
at org.openqa.selenium.remote.RemoteWebDriver.execute(RemoteWebDriver.java:531)
at org.openqa.selenium.remote.RemoteWebElement.execute(RemoteWebElement.java:242)
at org.openqa.selenium.remote.RemoteWebElement.click(RemoteWebElement.java:77)
at com.LumaMagento.Base.TestMethods.navigateToParticularCategoryInWomen(TestMethods.java:25)
at lumaTestCases.Purchases.purchaseWomensJacket(Purchases.java:41)
at java.base/java.util.ArrayList.forEach(ArrayList.java:1511)
... Removed 28 stack frames]]>
    </failure>
  </testcase> <!-- purchaseWomensJacket -->
</testsuite> <!-- Test -->
