<?xml version="1.0" encoding="UTF-8"?>
<!-- Generated by org.testng.reporters.JUnitReportReporter -->
<testsuite hostname="NIBLP1245" failures="0" tests="23" name="lumaTestCases.menJacketPurchases" time="209.753" errors="1" timestamp="2023-08-26T23:03:14 IST" skipped="20">
  <testcase classname="lumaTestCases.menJacketPurchases" name="closeDriver" time="52.443">
    <error message="Timed out waiting for driver server to stop.
Build info: version: &#039;4.11.0&#039;, revision: &#039;040bc5406b&#039;
System info: os.name: &#039;Windows 11&#039;, os.arch: &#039;amd64&#039;, os.version: &#039;10.0&#039;, java.version: &#039;19.0.2&#039;
Driver info: org.openqa.selenium.chrome.ChromeDriver
Command: [65b1595735582cad4afbbd827f26e80d, quit {}]
Capabilities {acceptInsecureCerts: false, browserName: chrome, browserVersion: 116.0.5845.111, chrome: {chromedriverVersion: 116.0.5845.96 (1a3918166880..., userDataDir: C:\Users\CHANDR~1\AppData\L...}, fedcm:accounts: true, goog:chromeOptions: {debuggerAddress: localhost:63427}, networkConnectionEnabled: false, pageLoadStrategy: normal, platformName: windows, proxy: Proxy(), se:cdp: ws://localhost:63427/devtoo..., se:cdpVersion: 116.0.5845.111, setWindowRect: true, strictFileInteractability: false, timeouts: {implicit: 0, pageLoad: 300000, script: 30000}, unhandledPromptBehavior: dismiss and notify, webauthn:extension:credBlob: true, webauthn:extension:largeBlob: true, webauthn:extension:minPinLength: true, webauthn:extension:prf: true, webauthn:virtualAuthenticators: true}
Session ID: 65b1595735582cad4afbbd827f26e80d" type="org.openqa.selenium.WebDriverException">
      <![CDATA[org.openqa.selenium.WebDriverException: Timed out waiting for driver server to stop.
Build info: version: '4.11.0', revision: '040bc5406b'
System info: os.name: 'Windows 11', os.arch: 'amd64', os.version: '10.0', java.version: '19.0.2'
Driver info: org.openqa.selenium.chrome.ChromeDriver
Command: [65b1595735582cad4afbbd827f26e80d, quit {}]
Capabilities {acceptInsecureCerts: false, browserName: chrome, browserVersion: 116.0.5845.111, chrome: {chromedriverVersion: 116.0.5845.96 (1a3918166880..., userDataDir: C:\Users\CHANDR~1\AppData\L...}, fedcm:accounts: true, goog:chromeOptions: {debuggerAddress: localhost:63427}, networkConnectionEnabled: false, pageLoadStrategy: normal, platformName: windows, proxy: Proxy(), se:cdp: ws://localhost:63427/devtoo..., se:cdpVersion: 116.0.5845.111, setWindowRect: true, strictFileInteractability: false, timeouts: {implicit: 0, pageLoad: 300000, script: 30000}, unhandledPromptBehavior: dismiss and notify, webauthn:extension:credBlob: true, webauthn:extension:largeBlob: true, webauthn:extension:minPinLength: true, webauthn:extension:prf: true, webauthn:virtualAuthenticators: true}
Session ID: 65b1595735582cad4afbbd827f26e80d
at org.openqa.selenium.remote.service.DriverCommandExecutor.execute(DriverCommandExecutor.java:161)
at org.openqa.selenium.remote.RemoteWebDriver.execute(RemoteWebDriver.java:518)
at org.openqa.selenium.remote.RemoteWebDriver.execute(RemoteWebDriver.java:591)
at org.openqa.selenium.remote.RemoteWebDriver.execute(RemoteWebDriver.java:595)
at org.openqa.selenium.remote.RemoteWebDriver.quit(RemoteWebDriver.java:433)
at org.openqa.selenium.chromium.ChromiumDriver.quit(ChromiumDriver.java:351)
at lumaTestCases.menJacketPurchases.closeDriver(menJacketPurchases.java:25)
at java.base/jdk.internal.reflect.DirectMethodHandleAccessor.invoke(DirectMethodHandleAccessor.java:104)
at java.base/java.lang.reflect.Method.invoke(Method.java:578)
at org.testng.internal.invokers.MethodInvocationHelper.invokeMethod(MethodInvocationHelper.java:139)
at org.testng.internal.invokers.MethodInvocationHelper.invokeMethodConsideringTimeout(MethodInvocationHelper.java:69)
at org.testng.internal.invokers.ConfigInvoker.invokeConfigurationMethod(ConfigInvoker.java:390)
at org.testng.internal.invokers.ConfigInvoker.invokeConfigurations(ConfigInvoker.java:325)
at org.testng.internal.invokers.TestInvoker.runConfigMethods(TestInvoker.java:810)
at org.testng.internal.invokers.TestInvoker.runAfterConfigurations(TestInvoker.java:779)
at org.testng.internal.invokers.TestInvoker.invokeMethod(TestInvoker.java:755)
at org.testng.internal.invokers.TestInvoker.invokeTestMethod(TestInvoker.java:227)
at org.testng.internal.invokers.MethodRunner.runInSequence(MethodRunner.java:50)
at org.testng.internal.invokers.TestInvoker$MethodInvocationAgent.invoke(TestInvoker.java:957)
at org.testng.internal.invokers.TestInvoker.invokeTestMethods(TestInvoker.java:200)
at org.testng.internal.invokers.TestMethodWorker.invokeTestMethods(TestMethodWorker.java:148)
at org.testng.internal.invokers.TestMethodWorker.run(TestMethodWorker.java:128)
at java.base/java.util.ArrayList.forEach(ArrayList.java:1511)
at org.testng.TestRunner.privateRun(TestRunner.java:848)
at org.testng.TestRunner.run(TestRunner.java:621)
at org.testng.SuiteRunner.runTest(SuiteRunner.java:443)
at org.testng.SuiteRunner.runSequentially(SuiteRunner.java:437)
at org.testng.SuiteRunner.privateRun(SuiteRunner.java:397)
at org.testng.SuiteRunner.run(SuiteRunner.java:336)
at org.testng.SuiteRunnerWorker.runSuite(SuiteRunnerWorker.java:52)
at org.testng.SuiteRunnerWorker.run(SuiteRunnerWorker.java:95)
at org.testng.TestNG.runSuitesSequentially(TestNG.java:1280)
at org.testng.TestNG.runSuitesLocally(TestNG.java:1200)
at org.testng.TestNG.runSuites(TestNG.java:1114)
at org.testng.TestNG.run(TestNG.java:1082)
at org.testng.remote.AbstractRemoteTestNG.run(AbstractRemoteTestNG.java:115)
at org.testng.remote.RemoteTestNG.initAndRun(RemoteTestNG.java:251)
at org.testng.remote.RemoteTestNG.main(RemoteTestNG.java:77)
Caused by: java.util.concurrent.ExecutionException: org.openqa.selenium.TimeoutException: Process timed out after waiting for 20000 ms.
Build info: version: '4.11.0', revision: '040bc5406b'
System info: os.name: 'Windows 11', os.arch: 'amd64', os.version: '10.0', java.version: '19.0.2'
Driver info: driver.version: unknown
at java.base/java.util.concurrent.CompletableFuture.reportGet(CompletableFuture.java:396)
at java.base/java.util.concurrent.CompletableFuture.get(CompletableFuture.java:2096)
at org.openqa.selenium.remote.service.DriverCommandExecutor.execute(DriverCommandExecutor.java:157)
... 37 more
Caused by: org.openqa.selenium.TimeoutException: Process timed out after waiting for 20000 ms.
Build info: version: '4.11.0', revision: '040bc5406b'
System info: os.name: 'Windows 11', os.arch: 'amd64', os.version: '10.0', java.version: '19.0.2'
Driver info: driver.version: unknown
at org.openqa.selenium.os.OsProcess.waitFor(OsProcess.java:183)
at org.openqa.selenium.os.CommandLine.waitFor(CommandLine.java:117)
at org.openqa.selenium.remote.service.DriverCommandExecutor.lambda$execute$2(DriverCommandExecutor.java:148)
at java.base/java.util.concurrent.CompletableFuture$AsyncSupply.run(CompletableFuture.java:1768)
at java.base/java.util.concurrent.ThreadPoolExecutor.runWorker(ThreadPoolExecutor.java:1144)
at java.base/java.util.concurrent.ThreadPoolExecutor$Worker.run(ThreadPoolExecutor.java:642)
at java.base/java.lang.Thread.run(Thread.java:1589)
]]>
    </error>
  </testcase> <!-- closeDriver -->
  <testcase classname="lumaTestCases.menJacketPurchases" name="purchaseMenProteusBlueJacket" time="82.086"/>
  <testcase classname="lumaTestCases.menJacketPurchases" name="purchaseMenProteusBlackJacket" time="75.223"/>
  <testcase classname="lumaTestCases.menJacketPurchases" name="purchaseMensMontanaBlackJacket" time="0.000">
    <skipped/>
  </testcase> <!-- purchaseMensMontanaBlackJacket -->
  <testcase classname="lumaTestCases.menJacketPurchases" name="purchaseMensMontanaGreenJacket" time="0.000">
    <skipped/>
  </testcase> <!-- purchaseMensMontanaGreenJacket -->
  <testcase classname="lumaTestCases.menJacketPurchases" name="purchaseMensJupiterPurpleJacket" time="0.000">
    <skipped/>
  </testcase> <!-- purchaseMensJupiterPurpleJacket -->
  <testcase classname="lumaTestCases.menJacketPurchases" name="purchaseMensJupiterBlueJacket" time="0.000">
    <skipped/>
  </testcase> <!-- purchaseMensJupiterBlueJacket -->
  <testcase classname="lumaTestCases.menJacketPurchases" name="purchaseMensTyphonBlackJacket" time="0.000">
    <skipped/>
  </testcase> <!-- purchaseMensTyphonBlackJacket -->
  <testcase classname="lumaTestCases.menJacketPurchases" name="purchaseMensTyphonGreenJacket" time="0.001">
    <skipped/>
  </testcase> <!-- purchaseMensTyphonGreenJacket -->
  <testcase classname="lumaTestCases.menJacketPurchases" name="purchaseMensMarsOrangeJacket" time="0.000">
    <skipped/>
  </testcase> <!-- purchaseMensMarsOrangeJacket -->
  <testcase classname="lumaTestCases.menJacketPurchases" name="purchaseMensMarsRedJacket" time="0.000">
    <skipped/>
  </testcase> <!-- purchaseMensMarsRedJacket -->
  <testcase classname="lumaTestCases.menJacketPurchases" name="purchaseMensTaurusYellowJacket" time="0.000">
    <skipped/>
  </testcase> <!-- purchaseMensTaurusYellowJacket -->
  <testcase classname="lumaTestCases.menJacketPurchases" name="purchaseMensTaurusWhiteJacket" time="0.000">
    <skipped/>
  </testcase> <!-- purchaseMensTaurusWhiteJacket -->
  <testcase classname="lumaTestCases.menJacketPurchases" name="purchaseMensLandoGrayJacket" time="0.000">
    <skipped/>
  </testcase> <!-- purchaseMensLandoGrayJacket -->
  <testcase classname="lumaTestCases.menJacketPurchases" name="purchaseMensLandoGreenJacket" time="0.000">
    <skipped/>
  </testcase> <!-- purchaseMensLandoGreenJacket -->
  <testcase classname="lumaTestCases.menJacketPurchases" name="purchaseMensOrionBlackJacket" time="0.000">
    <skipped/>
  </testcase> <!-- purchaseMensOrionBlackJacket -->
  <testcase classname="lumaTestCases.menJacketPurchases" name="purchaseMensOrionRedJacket" time="0.000">
    <skipped/>
  </testcase> <!-- purchaseMensOrionRedJacket -->
  <testcase classname="lumaTestCases.menJacketPurchases" name="purchaseMensHyperionOrangeJacket" time="0.000">
    <skipped/>
  </testcase> <!-- purchaseMensHyperionOrangeJacket -->
  <testcase classname="lumaTestCases.menJacketPurchases" name="purchaseMensKenobiPurpleJacket" time="0.000">
    <skipped/>
  </testcase> <!-- purchaseMensKenobiPurpleJacket -->
  <testcase classname="lumaTestCases.menJacketPurchases" name="purchaseMensKenobiBlueJacket" time="0.000">
    <skipped/>
  </testcase> <!-- purchaseMensKenobiBlueJacket -->
  <testcase classname="lumaTestCases.menJacketPurchases" name="ppurchaseMensHyperionGreenJacket" time="0.000">
    <skipped/>
  </testcase> <!-- ppurchaseMensHyperionGreenJacket -->
  <testcase classname="lumaTestCases.menJacketPurchases" name="purchaseMensBeaumontRedJacket" time="0.000">
    <skipped/>
  </testcase> <!-- purchaseMensBeaumontRedJacket -->
  <testcase classname="lumaTestCases.menJacketPurchases" name="purchaseMensBeaumontYellowJacket" time="0.000">
    <skipped/>
  </testcase> <!-- purchaseMensBeaumontYellowJacket -->
</testsuite> <!-- lumaTestCases.menJacketPurchases -->
